<?xml version="1.0" encoding="UTF-8"?>
<!-- Generated by org.testng.reporters.JUnitReportReporter -->
<testsuite hostname="LAPTOP-JM0703NE" failures="0" tests="1" name="SeleniumJava.Tc1" time="2.613" errors="0" timestamp="2025-09-25T01:58:09 IST" skipped="0">
  <testcase classname="SeleniumJava.Tc1" name="test1" time="2.613"/>
</testsuite> <!-- SeleniumJava.Tc1 -->
